F:\GithubRepository\angular5\SportsStore\dist\out-tsc\ClientApp\app\app.component.js
F:\GithubRepository\angular5\SportsStore\dist\out-tsc\ClientApp\app\app.component.js.map
F:\GithubRepository\angular5\SportsStore\dist\out-tsc\ClientApp\app\app.module.js
F:\GithubRepository\angular5\SportsStore\dist\out-tsc\ClientApp\app\app.module.js.map
F:\GithubRepository\angular5\SportsStore\dist\out-tsc\ClientApp\boot.js
F:\GithubRepository\angular5\SportsStore\dist\out-tsc\ClientApp\boot.js.map
F:\GithubRepository\angular5\SportsStore\dist\out-tsc\ClientApp\environments\environment.js
F:\GithubRepository\angular5\SportsStore\dist\out-tsc\ClientApp\environments\environment.js.map
F:\GithubRepository\angular5\SportsStore\dist\out-tsc\ClientApp\main.js
F:\GithubRepository\angular5\SportsStore\dist\out-tsc\ClientApp\main.js.map
F:\GithubRepository\angular5\SportsStore\dist\out-tsc\ClientApp\polyfills.js
F:\GithubRepository\angular5\SportsStore\dist\out-tsc\ClientApp\polyfills.js.map
F:\GithubRepository\angular5\SportsStore\dist\out-tsc\ClientApp\test.js
F:\GithubRepository\angular5\SportsStore\dist\out-tsc\ClientApp\test.js.map
F:\GithubRepository\angular5\SportsStore\dist\out-tsc\e2e\app.po.js
F:\GithubRepository\angular5\SportsStore\dist\out-tsc\e2e\app.po.js.map
F:\GithubRepository\angular5\SportsStore\dist\out-tsc\e2e\app.e2e-spec.js
F:\GithubRepository\angular5\SportsStore\dist\out-tsc\e2e\app.e2e-spec.js.map
F:\GithubRepository\angular5\SportsStore\dist\out-tsc\ClientApp\environments\environment.prod.js
F:\GithubRepository\angular5\SportsStore\dist\out-tsc\ClientApp\environments\environment.prod.js.map
